<?xml version="1.0" encoding="UTF-8"?>
<!-- Generated by org.testng.reporters.JUnitReportReporter -->
<testsuite hostname="system11" name="DriverFactory.DriverScript" tests="1" failures="0" timestamp="23 Aug 2019 04:51:56 GMT" time="36.069" errors="0">
  <testcase name="startTest" time="36.069" classname="DriverFactory.DriverScript"/>
</testsuite> <!-- DriverFactory.DriverScript -->
