<?xml version="1.0" encoding="UTF-8"?>
<!-- Generated by org.testng.reporters.JUnitReportReporter -->
<testsuite hostname="system11" name="DriverFactory.ERP_DataDriven" tests="1" failures="0" timestamp="9 Aug 2019 05:33:50 GMT" time="95.557" errors="0">
  <testcase name="verify_supplier" time="95.557" classname="DriverFactory.ERP_DataDriven"/>
</testsuite> <!-- DriverFactory.ERP_DataDriven -->
