<?xml version="1.0" encoding="UTF-8"?>
<!-- Generated by org.testng.reporters.JUnitReportReporter -->
<testsuite hostname="system11" name="aug7.Demo" tests="1" failures="0" timestamp="9 Aug 2019 04:18:09 GMT" time="33.157" errors="0">
  <testcase name="erp" time="33.157" classname="aug7.Demo"/>
</testsuite> <!-- aug7.Demo -->
